TN:
SF:configs\auth.config.js
FNF:0
FNH:0
DA:1,1
LF:1
LH:1
BRF:0
BRH:0
end_of_record
TN:
SF:controllers\auth.controller.js
FN:9,(anonymous_0)
FN:47,(anonymous_1)
FNF:2
FNH:2
FNDA:2,(anonymous_0)
FNDA:4,(anonymous_1)
DA:1,1
DA:2,1
DA:3,1
DA:4,1
DA:5,1
DA:6,1
DA:9,1
DA:12,2
DA:14,1
DA:16,1
DA:19,2
DA:20,2
DA:29,2
DA:30,2
DA:31,1
DA:38,1
DA:40,1
DA:41,1
DA:47,1
DA:48,4
DA:49,4
DA:51,4
DA:52,1
DA:55,1
DA:58,3
DA:59,1
DA:62,1
DA:65,2
DA:70,2
DA:71,1
DA:74,1
DA:77,1
DA:81,1
LF:33
LH:33
BRDA:12,0,0,1
BRDA:12,0,1,1
BRDA:12,1,0,2
BRDA:12,1,1,1
BRDA:51,2,0,1
BRDA:51,2,1,3
BRDA:58,3,0,1
BRDA:58,3,1,2
BRDA:70,4,0,1
BRDA:70,4,1,1
BRF:10
BRH:10
end_of_record
TN:
SF:controllers\user.controller.js
FN:4,(anonymous_0)
FN:17,(anonymous_1)
FN:32,(anonymous_2)
FN:48,(anonymous_3)
FN:63,(anonymous_4)
FN:80,(anonymous_5)
FN:99,(anonymous_6)
FN:120,(anonymous_7)
FNF:8
FNH:8
FNDA:2,(anonymous_0)
FNDA:2,(anonymous_1)
FNDA:2,(anonymous_2)
FNDA:2,(anonymous_3)
FNDA:2,(anonymous_4)
FNDA:10,(anonymous_5)
FNDA:3,(anonymous_6)
FNDA:3,(anonymous_7)
DA:1,1
DA:2,1
DA:4,1
DA:6,2
DA:7,2
DA:9,1
DA:10,0
DA:14,1
DA:17,1
DA:19,2
DA:20,2
DA:24,1
DA:25,0
DA:29,1
DA:32,1
DA:34,2
DA:35,2
DA:40,1
DA:41,0
DA:45,1
DA:48,1
DA:50,2
DA:51,2
DA:55,1
DA:56,0
DA:60,1
DA:63,1
DA:65,2
DA:66,2
DA:70,1
DA:71,0
DA:75,1
DA:80,1
DA:82,10
DA:83,10
DA:84,10
DA:85,10
DA:86,2
DA:87,8
DA:88,2
DA:89,6
DA:90,2
DA:91,4
DA:92,2
DA:94,2
DA:96,5
DA:99,1
DA:100,3
DA:102,3
DA:103,3
DA:106,3
DA:107,2
DA:109,1
DA:114,1
DA:120,1
DA:121,3
DA:122,3
DA:123,3
DA:128,2
DA:129,1
DA:133,1
DA:138,1
DA:139,1
LF:63
LH:58
BRDA:85,0,0,2
BRDA:85,0,1,8
BRDA:87,1,0,2
BRDA:87,1,1,6
BRDA:87,2,0,8
BRDA:87,2,1,4
BRDA:89,3,0,2
BRDA:89,3,1,4
BRDA:91,4,0,2
BRDA:91,4,1,2
BRDA:106,5,0,2
BRDA:106,5,1,1
BRDA:128,6,0,1
BRDA:128,6,1,1
BRF:14
BRH:14
end_of_record
TN:
SF:models\user.model.js
FN:26,(anonymous_0)
FN:30,(anonymous_1)
FNF:2
FNH:2
FNDA:1,(anonymous_0)
FNDA:1,(anonymous_1)
DA:1,2
DA:2,2
DA:26,1
DA:30,1
DA:51,2
LF:5
LH:5
BRF:0
BRH:0
end_of_record
TN:
SF:tests\db.js
FN:6,(anonymous_0)
FN:18,(anonymous_1)
FN:24,(anonymous_2)
FNF:3
FNH:3
FNDA:1,(anonymous_0)
FNDA:1,(anonymous_1)
FNDA:6,(anonymous_2)
DA:1,1
DA:2,1
DA:6,1
DA:7,1
DA:8,1
DA:9,1
DA:10,1
DA:14,1
DA:18,1
DA:19,1
DA:20,1
DA:21,1
DA:24,1
DA:25,6
DA:26,6
DA:27,6
DA:28,6
DA:29,6
LF:18
LH:18
BRDA:7,0,0,1
BRDA:7,0,1,0
BRDA:21,1,0,1
BRDA:21,1,1,0
BRF:4
BRH:2
end_of_record
TN:
SF:tests\interceptor.js
FN:2,(anonymous_0)
FN:8,(anonymous_1)
FNF:2
FNH:2
FNDA:22,(anonymous_0)
FNDA:22,(anonymous_1)
DA:1,2
DA:3,22
DA:4,22
DA:5,22
DA:6,22
DA:9,22
DA:10,22
DA:11,22
DA:12,22
DA:13,22
LF:10
LH:10
BRF:0
BRH:0
end_of_record
TN:
SF:utils\constants.js
FNF:0
FNH:0
DA:1,1
LF:1
LH:1
BRF:0
BRH:0
end_of_record
TN:
SF:utils\objectConverter.js
FN:1,(anonymous_0)
FN:3,(anonymous_1)
FN:14,(anonymous_2)
FN:27,(anonymous_3)
FN:29,(anonymous_4)
FNF:5
FNH:2
FNDA:7,(anonymous_0)
FNDA:6,(anonymous_1)
FNDA:0,(anonymous_2)
FNDA:0,(anonymous_3)
FNDA:0,(anonymous_4)
DA:1,1
DA:2,7
DA:3,7
DA:4,6
DA:12,6
DA:14,1
DA:15,0
DA:27,1
DA:28,0
DA:29,0
DA:31,0
LF:11
LH:7
BRF:0
BRH:0
end_of_record
